<?xml version="1.0" encoding="UTF-8"?>
<testsuite xmlns:xsi="http://www.w3.org/2001/XMLSchema-instance" xsi:noNamespaceSchemaLocation="https://maven.apache.org/surefire/maven-surefire-plugin/xsd/surefire-test-report-3.0.xsd" version="3.0" name="TestSuite" time="70.733" tests="5" errors="0" skipped="0" failures="1">
  <properties>
    <property name="sun.desktop" value="windows"/>
    <property name="awt.toolkit" value="sun.awt.windows.WToolkit"/>
    <property name="file.encoding.pkg" value="sun.io"/>
    <property name="java.specification.version" value="1.8"/>
    <property name="sun.cpu.isalist" value="amd64"/>
    <property name="sun.jnu.encoding" value="Cp1252"/>
    <property name="java.class.path" value="c:\Automation\AppiumTest\UI_1seal\target\test-classes;c:\Automation\AppiumTest\UI_1seal\target\classes;C:\Users\lam.bui_onemount\.m2\repository\org\seleniumhq\selenium\selenium-java\3.141.59\selenium-java-3.141.59.jar;C:\Users\lam.bui_onemount\.m2\repository\org\seleniumhq\selenium\selenium-api\3.141.59\selenium-api-3.141.59.jar;C:\Users\lam.bui_onemount\.m2\repository\org\seleniumhq\selenium\selenium-chrome-driver\3.141.59\selenium-chrome-driver-3.141.59.jar;C:\Users\lam.bui_onemount\.m2\repository\org\seleniumhq\selenium\selenium-edge-driver\3.141.59\selenium-edge-driver-3.141.59.jar;C:\Users\lam.bui_onemount\.m2\repository\org\seleniumhq\selenium\selenium-firefox-driver\3.141.59\selenium-firefox-driver-3.141.59.jar;C:\Users\lam.bui_onemount\.m2\repository\org\seleniumhq\selenium\selenium-ie-driver\3.141.59\selenium-ie-driver-3.141.59.jar;C:\Users\lam.bui_onemount\.m2\repository\org\seleniumhq\selenium\selenium-opera-driver\3.141.59\selenium-opera-driver-3.141.59.jar;C:\Users\lam.bui_onemount\.m2\repository\org\seleniumhq\selenium\selenium-remote-driver\3.141.59\selenium-remote-driver-3.141.59.jar;C:\Users\lam.bui_onemount\.m2\repository\org\seleniumhq\selenium\selenium-safari-driver\3.141.59\selenium-safari-driver-3.141.59.jar;C:\Users\lam.bui_onemount\.m2\repository\org\seleniumhq\selenium\selenium-support\3.141.59\selenium-support-3.141.59.jar;C:\Users\lam.bui_onemount\.m2\repository\net\bytebuddy\byte-buddy\1.8.15\byte-buddy-1.8.15.jar;C:\Users\lam.bui_onemount\.m2\repository\org\apache\commons\commons-exec\1.3\commons-exec-1.3.jar;C:\Users\lam.bui_onemount\.m2\repository\com\google\guava\guava\25.0-jre\guava-25.0-jre.jar;C:\Users\lam.bui_onemount\.m2\repository\com\google\code\findbugs\jsr305\1.3.9\jsr305-1.3.9.jar;C:\Users\lam.bui_onemount\.m2\repository\org\checkerframework\checker-compat-qual\2.0.0\checker-compat-qual-2.0.0.jar;C:\Users\lam.bui_onemount\.m2\repository\com\google\errorprone\error_prone_annotations\2.1.3\error_prone_annotations-2.1.3.jar;C:\Users\lam.bui_onemount\.m2\repository\com\google\j2objc\j2objc-annotations\1.1\j2objc-annotations-1.1.jar;C:\Users\lam.bui_onemount\.m2\repository\org\codehaus\mojo\animal-sniffer-annotations\1.14\animal-sniffer-annotations-1.14.jar;C:\Users\lam.bui_onemount\.m2\repository\com\squareup\okhttp3\okhttp\3.11.0\okhttp-3.11.0.jar;C:\Users\lam.bui_onemount\.m2\repository\com\squareup\okio\okio\1.14.0\okio-1.14.0.jar;C:\Users\lam.bui_onemount\.m2\repository\io\appium\java-client\7.0.0\java-client-7.0.0.jar;C:\Users\lam.bui_onemount\.m2\repository\com\google\code\gson\gson\2.8.5\gson-2.8.5.jar;C:\Users\lam.bui_onemount\.m2\repository\org\apache\httpcomponents\httpclient\4.5.6\httpclient-4.5.6.jar;C:\Users\lam.bui_onemount\.m2\repository\org\apache\httpcomponents\httpcore\4.4.10\httpcore-4.4.10.jar;C:\Users\lam.bui_onemount\.m2\repository\commons-logging\commons-logging\1.2\commons-logging-1.2.jar;C:\Users\lam.bui_onemount\.m2\repository\commons-codec\commons-codec\1.10\commons-codec-1.10.jar;C:\Users\lam.bui_onemount\.m2\repository\cglib\cglib\3.2.8\cglib-3.2.8.jar;C:\Users\lam.bui_onemount\.m2\repository\org\ow2\asm\asm\6.2.1\asm-6.2.1.jar;C:\Users\lam.bui_onemount\.m2\repository\org\apache\ant\ant\1.10.3\ant-1.10.3.jar;C:\Users\lam.bui_onemount\.m2\repository\org\apache\ant\ant-launcher\1.10.3\ant-launcher-1.10.3.jar;C:\Users\lam.bui_onemount\.m2\repository\commons-validator\commons-validator\1.6\commons-validator-1.6.jar;C:\Users\lam.bui_onemount\.m2\repository\commons-beanutils\commons-beanutils\1.9.2\commons-beanutils-1.9.2.jar;C:\Users\lam.bui_onemount\.m2\repository\commons-digester\commons-digester\1.8.1\commons-digester-1.8.1.jar;C:\Users\lam.bui_onemount\.m2\repository\commons-collections\commons-collections\3.2.2\commons-collections-3.2.2.jar;C:\Users\lam.bui_onemount\.m2\repository\org\apache\commons\commons-lang3\3.8\commons-lang3-3.8.jar;C:\Users\lam.bui_onemount\.m2\repository\commons-io\commons-io\2.6\commons-io-2.6.jar;C:\Users\lam.bui_onemount\.m2\repository\org\springframework\spring-context\5.1.0.RELEASE\spring-context-5.1.0.RELEASE.jar;C:\Users\lam.bui_onemount\.m2\repository\org\springframework\spring-aop\5.1.0.RELEASE\spring-aop-5.1.0.RELEASE.jar;C:\Users\lam.bui_onemount\.m2\repository\org\springframework\spring-beans\5.1.0.RELEASE\spring-beans-5.1.0.RELEASE.jar;C:\Users\lam.bui_onemount\.m2\repository\org\springframework\spring-core\5.1.0.RELEASE\spring-core-5.1.0.RELEASE.jar;C:\Users\lam.bui_onemount\.m2\repository\org\springframework\spring-jcl\5.1.0.RELEASE\spring-jcl-5.1.0.RELEASE.jar;C:\Users\lam.bui_onemount\.m2\repository\org\springframework\spring-expression\5.1.0.RELEASE\spring-expression-5.1.0.RELEASE.jar;C:\Users\lam.bui_onemount\.m2\repository\org\aspectj\aspectjweaver\1.9.1\aspectjweaver-1.9.1.jar;C:\Users\lam.bui_onemount\.m2\repository\org\slf4j\slf4j-api\1.7.25\slf4j-api-1.7.25.jar;C:\Users\lam.bui_onemount\.m2\repository\org\testng\testng\6.14.3\testng-6.14.3.jar;C:\Users\lam.bui_onemount\.m2\repository\com\beust\jcommander\1.72\jcommander-1.72.jar;C:\Users\lam.bui_onemount\.m2\repository\org\apache-extras\beanshell\bsh\2.0b6\bsh-2.0b6.jar;"/>
    <property name="java.vm.vendor" value="Oracle Corporation"/>
    <property name="sun.arch.data.model" value="64"/>
    <property name="user.variant" value=""/>
    <property name="java.vendor.url" value="http://java.oracle.com/"/>
    <property name="user.timezone" value="Asia/Bangkok"/>
    <property name="java.vm.specification.version" value="1.8"/>
    <property name="os.name" value="Windows 10"/>
    <property name="user.country" value="US"/>
    <property name="sun.java.launcher" value="SUN_STANDARD"/>
    <property name="sun.boot.library.path" value="C:\Program Files\Java\jdk1.8.0_311\jre\bin"/>
    <property name="sun.java.command" value="C:\Users\lam.bui_onemount\AppData\Local\Temp\surefire5947169220543683248\surefirebooter2943691573952800326.jar C:\Users\lam.bui_onemount\AppData\Local\Temp\surefire5947169220543683248 2022-05-20T11-29-44_278-jvmRun1 surefire5446547587643579685tmp surefire_04458562057722441696tmp"/>
    <property name="surefire.test.class.path" value="c:\Automation\AppiumTest\UI_1seal\target\test-classes;c:\Automation\AppiumTest\UI_1seal\target\classes;C:\Users\lam.bui_onemount\.m2\repository\org\seleniumhq\selenium\selenium-java\3.141.59\selenium-java-3.141.59.jar;C:\Users\lam.bui_onemount\.m2\repository\org\seleniumhq\selenium\selenium-api\3.141.59\selenium-api-3.141.59.jar;C:\Users\lam.bui_onemount\.m2\repository\org\seleniumhq\selenium\selenium-chrome-driver\3.141.59\selenium-chrome-driver-3.141.59.jar;C:\Users\lam.bui_onemount\.m2\repository\org\seleniumhq\selenium\selenium-edge-driver\3.141.59\selenium-edge-driver-3.141.59.jar;C:\Users\lam.bui_onemount\.m2\repository\org\seleniumhq\selenium\selenium-firefox-driver\3.141.59\selenium-firefox-driver-3.141.59.jar;C:\Users\lam.bui_onemount\.m2\repository\org\seleniumhq\selenium\selenium-ie-driver\3.141.59\selenium-ie-driver-3.141.59.jar;C:\Users\lam.bui_onemount\.m2\repository\org\seleniumhq\selenium\selenium-opera-driver\3.141.59\selenium-opera-driver-3.141.59.jar;C:\Users\lam.bui_onemount\.m2\repository\org\seleniumhq\selenium\selenium-remote-driver\3.141.59\selenium-remote-driver-3.141.59.jar;C:\Users\lam.bui_onemount\.m2\repository\org\seleniumhq\selenium\selenium-safari-driver\3.141.59\selenium-safari-driver-3.141.59.jar;C:\Users\lam.bui_onemount\.m2\repository\org\seleniumhq\selenium\selenium-support\3.141.59\selenium-support-3.141.59.jar;C:\Users\lam.bui_onemount\.m2\repository\net\bytebuddy\byte-buddy\1.8.15\byte-buddy-1.8.15.jar;C:\Users\lam.bui_onemount\.m2\repository\org\apache\commons\commons-exec\1.3\commons-exec-1.3.jar;C:\Users\lam.bui_onemount\.m2\repository\com\google\guava\guava\25.0-jre\guava-25.0-jre.jar;C:\Users\lam.bui_onemount\.m2\repository\com\google\code\findbugs\jsr305\1.3.9\jsr305-1.3.9.jar;C:\Users\lam.bui_onemount\.m2\repository\org\checkerframework\checker-compat-qual\2.0.0\checker-compat-qual-2.0.0.jar;C:\Users\lam.bui_onemount\.m2\repository\com\google\errorprone\error_prone_annotations\2.1.3\error_prone_annotations-2.1.3.jar;C:\Users\lam.bui_onemount\.m2\repository\com\google\j2objc\j2objc-annotations\1.1\j2objc-annotations-1.1.jar;C:\Users\lam.bui_onemount\.m2\repository\org\codehaus\mojo\animal-sniffer-annotations\1.14\animal-sniffer-annotations-1.14.jar;C:\Users\lam.bui_onemount\.m2\repository\com\squareup\okhttp3\okhttp\3.11.0\okhttp-3.11.0.jar;C:\Users\lam.bui_onemount\.m2\repository\com\squareup\okio\okio\1.14.0\okio-1.14.0.jar;C:\Users\lam.bui_onemount\.m2\repository\io\appium\java-client\7.0.0\java-client-7.0.0.jar;C:\Users\lam.bui_onemount\.m2\repository\com\google\code\gson\gson\2.8.5\gson-2.8.5.jar;C:\Users\lam.bui_onemount\.m2\repository\org\apache\httpcomponents\httpclient\4.5.6\httpclient-4.5.6.jar;C:\Users\lam.bui_onemount\.m2\repository\org\apache\httpcomponents\httpcore\4.4.10\httpcore-4.4.10.jar;C:\Users\lam.bui_onemount\.m2\repository\commons-logging\commons-logging\1.2\commons-logging-1.2.jar;C:\Users\lam.bui_onemount\.m2\repository\commons-codec\commons-codec\1.10\commons-codec-1.10.jar;C:\Users\lam.bui_onemount\.m2\repository\cglib\cglib\3.2.8\cglib-3.2.8.jar;C:\Users\lam.bui_onemount\.m2\repository\org\ow2\asm\asm\6.2.1\asm-6.2.1.jar;C:\Users\lam.bui_onemount\.m2\repository\org\apache\ant\ant\1.10.3\ant-1.10.3.jar;C:\Users\lam.bui_onemount\.m2\repository\org\apache\ant\ant-launcher\1.10.3\ant-launcher-1.10.3.jar;C:\Users\lam.bui_onemount\.m2\repository\commons-validator\commons-validator\1.6\commons-validator-1.6.jar;C:\Users\lam.bui_onemount\.m2\repository\commons-beanutils\commons-beanutils\1.9.2\commons-beanutils-1.9.2.jar;C:\Users\lam.bui_onemount\.m2\repository\commons-digester\commons-digester\1.8.1\commons-digester-1.8.1.jar;C:\Users\lam.bui_onemount\.m2\repository\commons-collections\commons-collections\3.2.2\commons-collections-3.2.2.jar;C:\Users\lam.bui_onemount\.m2\repository\org\apache\commons\commons-lang3\3.8\commons-lang3-3.8.jar;C:\Users\lam.bui_onemount\.m2\repository\commons-io\commons-io\2.6\commons-io-2.6.jar;C:\Users\lam.bui_onemount\.m2\repository\org\springframework\spring-context\5.1.0.RELEASE\spring-context-5.1.0.RELEASE.jar;C:\Users\lam.bui_onemount\.m2\repository\org\springframework\spring-aop\5.1.0.RELEASE\spring-aop-5.1.0.RELEASE.jar;C:\Users\lam.bui_onemount\.m2\repository\org\springframework\spring-beans\5.1.0.RELEASE\spring-beans-5.1.0.RELEASE.jar;C:\Users\lam.bui_onemount\.m2\repository\org\springframework\spring-core\5.1.0.RELEASE\spring-core-5.1.0.RELEASE.jar;C:\Users\lam.bui_onemount\.m2\repository\org\springframework\spring-jcl\5.1.0.RELEASE\spring-jcl-5.1.0.RELEASE.jar;C:\Users\lam.bui_onemount\.m2\repository\org\springframework\spring-expression\5.1.0.RELEASE\spring-expression-5.1.0.RELEASE.jar;C:\Users\lam.bui_onemount\.m2\repository\org\aspectj\aspectjweaver\1.9.1\aspectjweaver-1.9.1.jar;C:\Users\lam.bui_onemount\.m2\repository\org\slf4j\slf4j-api\1.7.25\slf4j-api-1.7.25.jar;C:\Users\lam.bui_onemount\.m2\repository\org\testng\testng\6.14.3\testng-6.14.3.jar;C:\Users\lam.bui_onemount\.m2\repository\com\beust\jcommander\1.72\jcommander-1.72.jar;C:\Users\lam.bui_onemount\.m2\repository\org\apache-extras\beanshell\bsh\2.0b6\bsh-2.0b6.jar;"/>
    <property name="sun.cpu.endian" value="little"/>
    <property name="user.home" value="C:\Users\lam.bui_onemount"/>
    <property name="user.language" value="en"/>
    <property name="java.specification.vendor" value="Oracle Corporation"/>
    <property name="java.home" value="C:\Program Files\Java\jdk1.8.0_311\jre"/>
    <property name="basedir" value="c:\Automation\AppiumTest\UI_1seal"/>
    <property name="file.separator" value="\"/>
    <property name="line.separator" value="&#10;"/>
    <property name="java.vm.specification.vendor" value="Oracle Corporation"/>
    <property name="java.specification.name" value="Java Platform API Specification"/>
    <property name="java.awt.graphicsenv" value="sun.awt.Win32GraphicsEnvironment"/>
    <property name="surefire.real.class.path" value="C:\Users\lam.bui_onemount\AppData\Local\Temp\surefire5947169220543683248\surefirebooter2943691573952800326.jar"/>
    <property name="sun.boot.class.path" value="C:\Program Files\Java\jdk1.8.0_311\jre\lib\resources.jar;C:\Program Files\Java\jdk1.8.0_311\jre\lib\rt.jar;C:\Program Files\Java\jdk1.8.0_311\jre\lib\sunrsasign.jar;C:\Program Files\Java\jdk1.8.0_311\jre\lib\jsse.jar;C:\Program Files\Java\jdk1.8.0_311\jre\lib\jce.jar;C:\Program Files\Java\jdk1.8.0_311\jre\lib\charsets.jar;C:\Program Files\Java\jdk1.8.0_311\jre\lib\jfr.jar;C:\Program Files\Java\jdk1.8.0_311\jre\classes"/>
    <property name="user.script" value=""/>
    <property name="sun.management.compiler" value="HotSpot 64-Bit Tiered Compilers"/>
    <property name="java.runtime.version" value="1.8.0_311-b11"/>
    <property name="user.name" value="lam.bui_onemount"/>
    <property name="path.separator" value=";"/>
    <property name="os.version" value="10.0"/>
    <property name="java.endorsed.dirs" value="C:\Program Files\Java\jdk1.8.0_311\jre\lib\endorsed"/>
    <property name="java.runtime.name" value="Java(TM) SE Runtime Environment"/>
    <property name="file.encoding" value="Cp1252"/>
    <property name="java.vm.name" value="Java HotSpot(TM) 64-Bit Server VM"/>
    <property name="localRepository" value="C:\Users\lam.bui_onemount\.m2\repository"/>
    <property name="java.vendor.url.bug" value="http://bugreport.sun.com/bugreport/"/>
    <property name="java.io.tmpdir" value="C:\Users\LAM~1.BUI\AppData\Local\Temp\"/>
    <property name="java.version" value="1.8.0_311"/>
    <property name="user.dir" value="c:\Automation\AppiumTest\UI_1seal"/>
    <property name="os.arch" value="amd64"/>
    <property name="java.vm.specification.name" value="Java Virtual Machine Specification"/>
    <property name="java.awt.printerjob" value="sun.awt.windows.WPrinterJob"/>
    <property name="sun.os.patch.level" value=""/>
    <property name="java.library.path" value="C:\Program Files\Java\jdk1.8.0_311\jre\bin;C:\Windows\Sun\Java\bin;C:\Windows\system32;C:\Windows;C:\Program Files (x86)\Common Files\Oracle\Java\javapath;C:\Windows\system32;C:\Windows;C:\Windows\System32\Wbem;C:\Windows\System32\WindowsPowerShell\v1.0\;C:\Windows\System32\OpenSSH\;C:\Program Files\TortoiseGit\bin;C:\Program Files\Java\jdk1.8.0_311\bin;C:\Users\lam.bui_onemount\AppData\Local\Android\Sdk\platforms;C:\Users\lam.bui_onemount\AppData\Local\Android\Sdk\platform-tools;C:\Automation\apache-maven-3.8.5\bin;C:\Users\lam.bui_onemount\AppData\Local\Programs\Python\Python39\Scripts\;C:\Users\lam.bui_onemount\AppData\Local\Programs\Python\Python39\;C:\Users\lam.bui_onemount\AppData\Local\Microsoft\WindowsApps;C:\Users\lam.bui_onemount\AppData\Local\Programs\Git\cmd;C:\Users\lam.bui_onemount\AppData\Local\Programs\Microsoft VS Code\bin;C:\Users\lam.bui_onemount\AppData\Local\GitHubDesktop\bin;."/>
    <property name="java.vm.info" value="mixed mode"/>
    <property name="java.vendor" value="Oracle Corporation"/>
    <property name="java.vm.version" value="25.311-b11"/>
    <property name="java.ext.dirs" value="C:\Program Files\Java\jdk1.8.0_311\jre\lib\ext;C:\Windows\Sun\Java\lib\ext"/>
    <property name="sun.io.unicode.encoding" value="UnicodeLittle"/>
    <property name="java.class.version" value="52.0"/>
  </properties>
  <testcase name="verifyLogin" classname="testcase_uat.TC_Login" time="31.735">
    <system-out><![CDATA[[TestNGContentHandler] [WARN] It is strongly recommended to add "<!DOCTYPE suite SYSTEM "http://testng.org/testng-1.0.dtd" >" at the top of your file, otherwise TestNG may fail or not work as expected.
App open
Auto SA btl61
]]></system-out>
    <system-err><![CDATA[May 20, 2022 11:29:55 AM io.appium.java_client.remote.AppiumCommandExecutor$1 lambda$0
INFO: Detected dialect: W3C
]]></system-err>
  </testcase>
  <testcase name="verifyAllTab" classname="testcase_uat.TC_ListGt" time="2.929">
    <system-out><![CDATA[App open
X. Lại Thượng
]]></system-out>
    <system-err><![CDATA[May 20, 2022 11:30:28 AM io.appium.java_client.remote.AppiumCommandExecutor$1 lambda$0
INFO: Detected dialect: W3C
]]></system-err>
  </testcase>
  <testcase name="verifySupportTab" classname="testcase_uat.TC_ListGt" time="1.171">
    <system-out><![CDATA[X. Dị Nậu
]]></system-out>
  </testcase>
  <testcase name="verifySearchL1[0111770001](1)" classname="testcase_uat.TC_SearchGt" time="4.059">
    <system-out><![CDATA[App open
0111770001
]]></system-out>
    <system-err><![CDATA[May 20, 2022 11:30:45 AM io.appium.java_client.remote.AppiumCommandExecutor$1 lambda$0
INFO: Detected dialect: W3C
]]></system-err>
  </testcase>
  <testcase name="verifySearchL0[0111770004](1)" classname="testcase_uat.TC_SearchGt" time="2.336">
    <failure message="expected [0111770004] but found [null]" type="java.lang.AssertionError"><![CDATA[java.lang.AssertionError: expected [0111770004] but found [null]
	at testcase_uat.TC_SearchGt.verifySearchL0(TC_SearchGt.java:65)
]]></failure>
    <system-out><![CDATA[Error happend with err: No such Element
null
]]></system-out>
  </testcase>
</testsuite>