<?xml version="1.0" encoding="UTF-8"?>
<!-- Generated by org.testng.reporters.JUnitReportReporter -->
<testsuite skipped="0" hostname="1-LAMBUI-W" name="testcase_uat.TC_Login" tests="1" failures="0" timestamp="20 May 2022 04:30:56 GMT" time="31.735" errors="0">
  <testcase name="verifyLogin" time="31.735" classname="testcase_uat.TC_Login"/>
</testsuite> <!-- testcase_uat.TC_Login -->
