<?xml version="1.0" encoding="UTF-8"?>
<!-- Generated by org.testng.reporters.JUnitReportReporter -->
<testsuite skipped="0" hostname="1-LAMBUI-W" name="testcase_uat.TC_CheckInCheckOutHome" tests="2" failures="0" timestamp="03 Jun 2022 03:29:59 GMT" time="24.946" errors="0">
  <testcase name="verifyCheckInCheckOutNearBy" time="17.951" classname="testcase_uat.TC_CheckInCheckOutHome"/>
  <testcase name="verifyCheckInCheckOutSearch" time="6.995" classname="testcase_uat.TC_CheckInCheckOutHome"/>
</testsuite> <!-- testcase_uat.TC_CheckInCheckOutHome -->
