<?xml version="1.0" encoding="UTF-8"?>
<!-- Generated by org.testng.reporters.JUnitReportReporter -->
<testsuite skipped="0" hostname="1-LAMBUI-W" name="testcase_uat.TC_ListGt" tests="2" failures="0" timestamp="20 May 2022 04:30:56 GMT" time="4.100" errors="0">
  <testcase name="verifyAllTab" time="2.930" classname="testcase_uat.TC_ListGt"/>
  <testcase name="verifySupportTab" time="1.170" classname="testcase_uat.TC_ListGt"/>
</testsuite> <!-- testcase_uat.TC_ListGt -->
